TN:
SF:src\HashTable.ts
FN:3,Table
FN:6,getValue
FN:13,HashTable
FN:17,_hash
FN:24,set
FN:29,get
FN:35,remove
FNF:7
FNH:7
FNDA:2,Table
FNDA:2,getValue
FNDA:3,HashTable
FNDA:8,_hash
FNDA:2,set
FNDA:4,get
FNDA:1,remove
DA:1,1
DA:2,1
DA:3,1
DA:4,2
DA:5,2
DA:6,1
DA:7,2
DA:8,2
DA:9,1
DA:10,1
DA:11,1
DA:12,1
DA:13,1
DA:14,3
DA:15,3
DA:16,3
DA:17,1
DA:18,8
DA:19,8
DA:20,35
DA:21,35
DA:22,8
DA:23,8
DA:24,1
DA:25,2
DA:26,2
DA:27,2
DA:28,2
DA:29,1
DA:30,4
DA:31,4
DA:32,2
DA:33,2
DA:34,1
DA:35,1
DA:36,1
DA:37,1
DA:38,1
DA:39,1
DA:40,1
DA:41,1
DA:42,1
DA:43,0
DA:44,0
DA:45,0
DA:46,1
LF:46
LH:43
BRDA:3,0,0,2
BRDA:6,1,0,2
BRDA:13,2,0,3
BRDA:17,3,0,8
BRDA:19,4,0,35
BRDA:24,5,0,2
BRDA:29,6,0,4
BRDA:31,7,0,2
BRDA:35,8,0,1
BRDA:43,9,0,0
BRF:10
BRH:9
end_of_record
