TN:
SF:src\application\services\RentalService.ts
FN:7,<instance_members_initializer>
FN:8,RentalService
FN:14,rent
FN:28,getRental
FNF:4
FNH:4
FNDA:1,<instance_members_initializer>
FNDA:1,RentalService
FNDA:1,rent
FNDA:1,getRental
DA:1,1
DA:2,1
DA:3,1
DA:4,1
DA:5,1
DA:6,1
DA:7,1
DA:8,1
DA:9,1
DA:10,1
DA:11,1
DA:12,1
DA:13,1
DA:14,1
DA:15,1
DA:16,1
DA:17,1
DA:18,1
DA:19,1
DA:20,1
DA:21,1
DA:22,1
DA:23,1
DA:24,1
DA:25,1
DA:26,1
DA:27,1
DA:28,1
DA:29,1
DA:30,1
DA:31,1
DA:32,1
DA:33,1
DA:34,1
DA:35,1
DA:36,1
DA:37,1
LF:37
LH:37
BRDA:7,0,0,1
BRDA:8,1,0,1
BRDA:14,2,0,1
BRDA:28,3,0,1
BRF:4
BRH:4
end_of_record
TN:
SF:src\domain\Car.ts
FN:1,<instance_members_initializer>
FN:2,Car
FNF:2
FNH:2
FNDA:1,<instance_members_initializer>
FNDA:1,Car
DA:1,1
DA:2,1
DA:3,1
LF:3
LH:3
BRDA:1,0,0,1
BRDA:2,1,0,1
BRF:2
BRH:2
end_of_record
TN:
SF:src\domain\CarRental.ts
FN:5,<instance_members_initializer>
FN:7,CarRental
FN:22,create
FN:27,getPlate
FNF:4
FNH:4
FNDA:1,<instance_members_initializer>
FNDA:1,CarRental
FNDA:1,create
FNDA:1,getPlate
DA:1,1
DA:2,1
DA:3,1
DA:4,1
DA:5,1
DA:6,1
DA:7,1
DA:8,1
DA:9,1
DA:10,1
DA:11,1
DA:12,1
DA:13,1
DA:14,1
DA:15,1
DA:16,1
DA:17,1
DA:18,0
DA:19,0
DA:20,1
DA:21,1
DA:22,1
DA:23,1
DA:24,1
DA:25,1
DA:26,1
DA:27,1
DA:28,1
DA:29,1
DA:30,1
DA:31,1
DA:32,1
DA:33,1
DA:34,1
DA:35,1
DA:36,1
DA:37,1
DA:38,1
DA:39,1
LF:39
LH:37
BRDA:5,0,0,1
BRDA:7,1,0,1
BRDA:16,2,0,0
BRDA:17,3,0,0
BRDA:22,4,0,1
BRDA:27,5,0,1
BRF:6
BRH:4
end_of_record
TN:
SF:src\domain\FakeClock.ts
FN:3,<instance_members_initializer>
FN:5,FakeClock
FN:6,getCurrentTime
FN:10,setCurrentTime
FNF:4
FNH:4
FNDA:1,<instance_members_initializer>
FNDA:1,FakeClock
FNDA:1,getCurrentTime
FNDA:1,setCurrentTime
DA:1,1
DA:2,1
DA:3,1
DA:4,1
DA:5,1
DA:6,1
DA:7,1
DA:8,1
DA:9,1
DA:10,1
DA:11,1
DA:12,1
DA:13,1
LF:13
LH:13
BRDA:3,0,0,1
BRDA:5,1,0,1
BRDA:6,2,0,1
BRDA:10,3,0,1
BRF:4
BRH:4
end_of_record
TN:
SF:src\domain\Period.ts
FN:1,<instance_members_initializer>
FN:4,Period
FN:9,getInHors
FNF:3
FNH:3
FNDA:1,<instance_members_initializer>
FNDA:1,Period
FNDA:1,getInHors
DA:1,1
DA:2,1
DA:3,1
DA:4,1
DA:5,1
DA:6,1
DA:7,1
DA:8,1
DA:9,1
DA:10,1
DA:11,1
DA:12,1
LF:12
LH:12
BRDA:1,0,0,1
BRDA:4,1,0,1
BRDA:9,2,0,1
BRF:3
BRH:3
end_of_record
TN:
SF:src\domain\Rental.ts
FN:4,<instance_members_initializer>
FN:8,Rental
FN:17,getStatus
FNF:3
FNH:3
FNDA:1,<instance_members_initializer>
FNDA:1,Rental
FNDA:1,getStatus
DA:1,1
DA:2,1
DA:3,1
DA:4,1
DA:5,1
DA:6,1
DA:7,1
DA:8,1
DA:9,1
DA:10,1
DA:11,0
DA:12,0
DA:13,1
DA:14,1
DA:15,1
DA:16,1
DA:17,1
DA:18,1
DA:19,1
DA:20,1
LF:20
LH:18
BRDA:4,0,0,1
BRDA:8,1,0,1
BRDA:10,2,0,0
BRDA:17,3,0,1
BRF:4
BRH:3
end_of_record
TN:
SF:src\infra\repository\CarRepositoryMemory.ts.ts
FN:4,<instance_members_initializer>
FN:7,save
FN:10,get
FNF:3
FNH:3
FNDA:1,<instance_members_initializer>
FNDA:1,save
FNDA:1,get
DA:1,1
DA:2,1
DA:3,1
DA:4,1
DA:5,1
DA:6,1
DA:7,1
DA:8,1
DA:9,1
DA:10,1
DA:11,1
DA:12,1
DA:13,1
DA:14,1
DA:15,1
LF:15
LH:15
BRDA:4,0,0,1
BRDA:7,1,0,1
BRDA:10,2,0,1
BRDA:12,3,0,0
BRDA:11,4,0,1
BRF:5
BRH:4
end_of_record
TN:
SF:src\infra\repository\RentRepositoryMemory.ts
FN:4,<instance_members_initializer>
FN:7,persiste
FN:10,get
FN:15,getByClientId
FNF:4
FNH:3
FNDA:1,<instance_members_initializer>
FNDA:1,persiste
FNDA:0,get
FNDA:1,getByClientId
DA:1,1
DA:2,1
DA:3,1
DA:4,1
DA:5,1
DA:6,1
DA:7,1
DA:8,1
DA:9,1
DA:10,1
DA:11,0
DA:12,0
DA:13,0
DA:14,0
DA:15,1
DA:16,1
DA:17,1
DA:18,1
DA:19,1
DA:20,1
LF:20
LH:16
BRDA:4,0,0,1
BRDA:7,1,0,1
BRDA:15,2,0,1
BRDA:17,3,0,0
BRDA:16,4,0,1
BRF:5
BRH:4
end_of_record
